
> terranext-spain@1.0.0 build
> next build

  ▲ Next.js 14.2.33

   Creating an optimized production build ...
 ✓ Compiled successfully
   Linting and checking validity of types ...
   Collecting page data ...
   Generating static pages (0/4) ...
   Generating static pages (1/4) 
   Generating static pages (2/4) 
   Generating static pages (3/4) 
 ✓ Generating static pages (4/4)
   Finalizing page optimization ...
   Collecting build traces ...

Route (app)                              Size     First Load JS
┌ ○ /                                    15.6 kB         103 kB
└ ○ /_not-found                          873 B          88.2 kB
+ First Load JS shared by all            87.3 kB
  ├ chunks/117-c7369a3af8c562e1.js       31.8 kB
  ├ chunks/fd9d1056-d0699c359ef5901f.js  53.6 kB
  └ other shared chunks (total)          1.89 kB


○  (Static)  prerendered as static content

